This is pdfTeX, Version 3.14159265-2.6-1.40.16 (MiKTeX 2.9) (preloaded format=pdflatex 2015.11.24)  2 DEC 2015 15:38
entering extended mode
**nips2013.tex
(nips2013.tex
LaTeX2e <2015/01/01> patch level 2
Babel <3.9m> and hyphenation patterns for 69 languages loaded.
("D:\MiKTeX 2.9\tex\latex\base\article.cls"
Document Class: article 2014/09/29 v1.4h Standard LaTeX document class
("D:\MiKTeX 2.9\tex\latex\base\size10.clo"
File: size10.clo 2014/09/29 v1.4h Standard LaTeX file (size option)
)
\c@part=\count79
\c@section=\count80
\c@subsection=\count81
\c@subsubsection=\count82
\c@paragraph=\count83
\c@subparagraph=\count84
\c@figure=\count85
\c@table=\count86
\abovecaptionskip=\skip41
\belowcaptionskip=\skip42
\bibindent=\dimen102
)
("D:\MiKTeX 2.9\tex\latex\url\url.sty"
\Urlmuskip=\muskip10
Package: url 2013/09/16  ver 3.4  Verb mode for urls, etc.
) (nips2013.aux)
LaTeX Font Info:    Checking defaults for OML/cmm/m/it on input line 31.
LaTeX Font Info:    ... okay on input line 31.
LaTeX Font Info:    Checking defaults for T1/cmr/m/n on input line 31.
LaTeX Font Info:    ... okay on input line 31.
LaTeX Font Info:    Checking defaults for OT1/cmr/m/n on input line 31.
LaTeX Font Info:    ... okay on input line 31.
LaTeX Font Info:    Checking defaults for OMS/cmsy/m/n on input line 31.
LaTeX Font Info:    ... okay on input line 31.
LaTeX Font Info:    Checking defaults for OMX/cmex/m/n on input line 31.
LaTeX Font Info:    ... okay on input line 31.
LaTeX Font Info:    Checking defaults for U/cmr/m/n on input line 31.
LaTeX Font Info:    ... okay on input line 31.
LaTeX Font Info:    External font `cmex10' loaded for size
(Font)              <12> on input line 32.
LaTeX Font Info:    External font `cmex10' loaded for size
(Font)              <8> on input line 32.
LaTeX Font Info:    External font `cmex10' loaded for size
(Font)              <6> on input line 32.
LaTeX Font Info:    External font `cmex10' loaded for size
(Font)              <7> on input line 45.
LaTeX Font Info:    External font `cmex10' loaded for size
(Font)              <5> on input line 45.

Overfull \hbox (8.12553pt too wide) in paragraph at lines 58--68
\OT1/cmr/m/n/10 2.09) and []\OT1/cmtt/m/n/10 nips11submit_e.sty \OT1/cmr/m/n/10
 (to be used with L[]T[]X2e). The file []\OT1/cmtt/m/n/10 nips2013.tex
 []

[1

{C:/Users/Magic Yuli/AppData/Local/MiKTeX/2.9/pdftex/config/pdftex.map}]
[2] [3]
LaTeX Font Info:    Try loading font information for OMS+cmr on input line 242.

 ("D:\MiKTeX 2.9\tex\latex\base\omscmr.fd"
File: omscmr.fd 2014/09/29 v2.5h Standard LaTeX font definitions
)
LaTeX Font Info:    Font shape `OMS/cmr/m/n' in size <10> not available
(Font)              Font shape `OMS/cmsy/m/n' tried instead on input line 242.

Overfull \hbox (7.33205pt too wide) in paragraph at lines 247--250
\OT1/cmr/m/n/10 also ac-cept-able for NIPS. Please see $\OT1/cmtt/m/n/10 http :
 / / www . emfield . org / icuwb2010 /$
 []

[4]
Overfull \hbox (48.49701pt too wide) in paragraph at lines 290--292
$\OT1/cmtt/m/n/10 www . microsoft . com / downloads / details . aspx ? displayl
ang = en \ &familyid =$
 []


Overfull \hbox (0.86436pt too wide) in paragraph at lines 301--305
$\OT1/cmtt/m/n/10 adobe . com / support / downloads / detail . jsp ? ftpID = 20
4$ \OT1/cmr/m/it/10 Note: \OT1/cmr/m/n/10 You
 []

[5]
Overfull \hbox (8.50023pt too wide) in paragraph at lines 324--329
\OT1/cmr/m/n/10 Most of the mar-gin prob-lems come from fig-ures po-si-tioned b
y hand us-ing []\OT1/cmtt/m/n/10 \special
 []


Overfull \hbox (7.24693pt too wide) in paragraph at lines 338--340
$\OT1/cmtt/m/n/10 / / www . ctan . org / tex-[]archive / macros / latex / requi
red / graphics / grfguide .$
 []


Overfull \hbox (13.63608pt too wide) in paragraph at lines 366--369
\OT1/cmr/m/it/9 Neu-ral Mod-els with the GEn-eral NEu-ral SIm-u-la-tion Sys-tem
. \OT1/cmr/m/n/9 New York: TELOS/Springer-
 []

[6] [7] (nips2013.aux) ) 
Here is how much of TeX's memory you used:
 349 strings out of 493673
 3719 string characters out of 3149612
 58485 words of memory out of 3000000
 3756 multiletter control sequences out of 15000+200000
 10190 words of font info for 36 fonts, out of 3000000 for 9000
 1025 hyphenation exceptions out of 8191
 23i,8n,19p,169b,282s stack positions out of 5000i,500n,10000p,200000b,50000s
<D:/MiKTeX 2.9/fonts/type1/public/amsfonts/cm/cmbx10.pf
b><D:/MiKTeX 2.9/fonts/type1/public/amsfonts/cm/cmbx12.pfb><D:/MiKTeX 2.9/fonts
/type1/public/amsfonts/cm/cmbx9.pfb><D:/MiKTeX 2.9/fonts/type1/public/amsfonts/
cm/cmbxti10.pfb><D:/MiKTeX 2.9/fonts/type1/public/amsfonts/cm/cmcsc10.pfb><D:/M
iKTeX 2.9/fonts/type1/public/amsfonts/cm/cmmi10.pfb><D:/MiKTeX 2.9/fonts/type1/
public/amsfonts/cm/cmr10.pfb><D:/MiKTeX 2.9/fonts/type1/public/amsfonts/cm/cmr1
2.pfb><D:/MiKTeX 2.9/fonts/type1/public/amsfonts/cm/cmr17.pfb><D:/MiKTeX 2.9/fo
nts/type1/public/amsfonts/cm/cmr6.pfb><D:/MiKTeX 2.9/fonts/type1/public/amsfont
s/cm/cmr7.pfb><D:/MiKTeX 2.9/fonts/type1/public/amsfonts/cm/cmr8.pfb><D:/MiKTeX
 2.9/fonts/type1/public/amsfonts/cm/cmr9.pfb><D:/MiKTeX 2.9/fonts/type1/public/
amsfonts/cm/cmsy10.pfb><D:/MiKTeX 2.9/fonts/type1/public/amsfonts/cm/cmti10.pfb
><D:/MiKTeX 2.9/fonts/type1/public/amsfonts/cm/cmti9.pfb><D:/MiKTeX 2.9/fonts/t
ype1/public/amsfonts/cm/cmtt10.pfb><D:/MiKTeX 2.9/fonts/type1/public/amsfonts/c
m/cmtt12.pfb>
Output written on nips2013.pdf (7 pages, 236593 bytes).
PDF statistics:
 98 PDF objects out of 1000 (max. 8388607)
 0 named destinations out of 1000 (max. 500000)
 1 words of extra memory for PDF output out of 10000 (max. 10000000)

